    OpenRGB v0.6
    Commit:  from 
    Launched: 20210803_191820
====================================================================================================

Notice: Saving detector settings
Notice: Detection started
Notice: Initializing HID interfaces: Success
Notice: Detecting I2C interfaces
Notice: Detecting I2C devices
Notice: Detecting HID devices
Notice: Detecting other devices
Notice: Detection completed
Notice: Loading plugins
Notice: Detection started
Notice: Initializing HID interfaces: Success
Notice: Detecting I2C interfaces
Notice: Detecting I2C devices
Notice: Detecting HID devices
Notice: Detecting other devices
Notice: Detection completed
Notice: Detection started
Notice: Initializing HID interfaces: Success
Notice: Detecting I2C interfaces
Notice: Detecting I2C devices
Notice: Detecting HID devices
Notice: Detecting other devices
Notice: Detection completed
Notice: Detection started
Notice: Initializing HID interfaces: Success
Notice: Detecting I2C interfaces
Notice: Detecting I2C devices
Notice: Detecting HID devices
Notice: Detecting other devices
Notice: Detection completed
